# Logfile created on 2017-03-21 14:14:26 +0530 by logger.rb/53141
I, [2017-03-21T14:14:26.416838 #11873]  INFO -- : **************************************
I, [2017-03-21T14:14:26.416897 #11873]  INFO -- : /payment?id=70
I, [2017-03-21T14:14:26.417044 #11873]  INFO -- : Params {"id":"70","controller":"pay_u_money","action":"payu"}
I, [2017-03-21T14:14:26.417080 #11873]  INFO -- : **************************************
I, [2017-03-23T12:57:14.873415 #9820]  INFO -- : **************************************
I, [2017-03-23T12:57:14.887837 #9820]  INFO -- : /payment?id=68
I, [2017-03-23T12:57:14.888051 #9820]  INFO -- : Params {"id":"68","controller":"pay_u_money","action":"payu"}
I, [2017-03-23T12:57:14.888086 #9820]  INFO -- : **************************************
I, [2017-03-23T12:57:48.250967 #9820]  INFO -- : **************************************
I, [2017-03-23T12:57:48.251049 #9820]  INFO -- : /payment?id=69
I, [2017-03-23T12:57:48.251290 #9820]  INFO -- : Params {"id":"69","controller":"pay_u_money","action":"payu"}
I, [2017-03-23T12:57:48.251330 #9820]  INFO -- : **************************************
I, [2017-03-31T14:40:47.253147 #9708]  INFO -- : **************************************
I, [2017-03-31T14:40:47.253236 #9708]  INFO -- : /payment?id=70
I, [2017-03-31T14:40:47.253365 #9708]  INFO -- : Params {"id":"70","controller":"pay_u_money","action":"payu"}
I, [2017-03-31T14:40:47.253399 #9708]  INFO -- : **************************************
I, [2017-03-31T15:20:52.092878 #9708]  INFO -- : **************************************
I, [2017-03-31T15:20:52.092935 #9708]  INFO -- : /payment?id=73&city_id=
I, [2017-03-31T15:20:52.093043 #9708]  INFO -- : Params {"id":"73","city_id":"","controller":"pay_u_money","action":"payu"}
I, [2017-03-31T15:20:52.093068 #9708]  INFO -- : **************************************
I, [2017-03-31T15:21:01.803121 #9708]  INFO -- : **************************************
I, [2017-03-31T15:21:01.803168 #9708]  INFO -- : /payment?id=73&city_id=
I, [2017-03-31T15:21:01.803258 #9708]  INFO -- : Params {"id":"73","city_id":"","controller":"pay_u_money","action":"payu"}
I, [2017-03-31T15:21:01.803285 #9708]  INFO -- : **************************************
I, [2017-03-31T16:44:11.585676 #9708]  INFO -- : **************************************
I, [2017-03-31T16:44:11.585744 #9708]  INFO -- : /payment?id=76
I, [2017-03-31T16:44:11.585870 #9708]  INFO -- : Params {"id":"76","controller":"pay_u_money","action":"payu"}
I, [2017-03-31T16:44:11.585903 #9708]  INFO -- : **************************************
I, [2017-04-03T14:19:38.330386 #15756]  INFO -- : **************************************
I, [2017-04-03T14:19:38.330489 #15756]  INFO -- : /payment?id=81
I, [2017-04-03T14:19:38.330708 #15756]  INFO -- : Params {"id":"81","controller":"pay_u_money","action":"payu"}
I, [2017-04-03T14:19:38.330752 #15756]  INFO -- : **************************************
I, [2017-04-03T14:20:15.383555 #15756]  INFO -- : **************************************
I, [2017-04-03T14:20:15.383656 #15756]  INFO -- : /payment_failure
I, [2017-04-03T14:20:15.384116 #15756]  INFO -- : Params {"mihpayid":"403993715515882702","mode":"CC","status":"failure","unmappedstatus":"failed","key":"gtKFFx","txnid":"M-81-1491209372","amount":"700.00","discount":"0.00","net_amount_debit":"0.00","addedon":"2017-04-03 14:19:39","productinfo":"1 Dozen","firstname":"ASDASD","lastname":"","address1":"","address2":"","city":"","state":"","country":"","zipcode":"","email":"","phone":"","udf1":"81","udf2":"","udf3":"","udf4":"","udf5":"","udf6":"","udf7":"","udf8":"","udf9":"","udf10":"","hash":"82f53f029ae8c7535950488aa872facade494e2f8a01e38fffcbf9531a4610b47fce98b0b45335f2ba62979c8e31421a6470aa6233c2aedc523cd42e17ad69cd","field1":"","field2":"","field3":"","field4":"","field5":"","field6":"","field7":"","field8":"","field9":"No eligible pg for unknown bins","payment_source":"payu","PG_TYPE":"","bank_ref_num":"","bankcode":"CC","error":"E908","error_Message":"International cards not allowed","issuing_bank":"UNKNOWN","card_type":"UNKNOWN","controller":"pay_u_money","action":"payu_failure"}
I, [2017-04-03T14:20:15.384199 #15756]  INFO -- : **************************************
I, [2017-04-03T15:15:51.093831 #19140]  INFO -- : **************************************
I, [2017-04-03T15:15:51.093898 #19140]  INFO -- : /payment?id=83
I, [2017-04-03T15:15:51.094026 #19140]  INFO -- : Params {"id":"83","controller":"pay_u_money","action":"payu"}
I, [2017-04-03T15:15:51.094053 #19140]  INFO -- : **************************************
I, [2017-04-03T19:52:25.528354 #32441]  INFO -- : **************************************
I, [2017-04-03T19:52:25.528425 #32441]  INFO -- : /payment?id=104
I, [2017-04-03T19:52:25.528563 #32441]  INFO -- : Params {"id":"104","controller":"pay_u_money","action":"payu"}
I, [2017-04-03T19:52:25.528590 #32441]  INFO -- : **************************************
I, [2017-04-04T12:11:47.193145 #3182]  INFO -- : **************************************
I, [2017-04-04T12:11:47.207071 #3182]  INFO -- : /payment?id=106
I, [2017-04-04T12:11:47.207314 #3182]  INFO -- : Params {"id":"106","controller":"pay_u_money","action":"payu"}
I, [2017-04-04T12:11:47.207344 #3182]  INFO -- : **************************************
I, [2017-04-04T12:44:13.765824 #3182]  INFO -- : **************************************
I, [2017-04-04T12:44:13.765927 #3182]  INFO -- : /payment?id=108
I, [2017-04-04T12:44:13.766148 #3182]  INFO -- : Params {"id":"108","controller":"pay_u_money","action":"payu"}
I, [2017-04-04T12:44:13.766200 #3182]  INFO -- : **************************************
I, [2017-04-04T12:46:16.371762 #3182]  INFO -- : **************************************
I, [2017-04-04T12:46:16.371848 #3182]  INFO -- : /payment?id=108
I, [2017-04-04T12:46:16.372014 #3182]  INFO -- : Params {"id":"108","controller":"pay_u_money","action":"payu"}
I, [2017-04-04T12:46:16.372059 #3182]  INFO -- : **************************************
I, [2017-04-04T14:30:37.224120 #3182]  INFO -- : **************************************
I, [2017-04-04T14:30:37.224182 #3182]  INFO -- : /payment?id=113
I, [2017-04-04T14:30:37.224329 #3182]  INFO -- : Params {"id":"113","controller":"pay_u_money","action":"payu"}
I, [2017-04-04T14:30:37.224364 #3182]  INFO -- : **************************************
I, [2017-04-04T16:13:43.560532 #18208]  INFO -- : **************************************
I, [2017-04-04T16:13:43.560614 #18208]  INFO -- : /payment?id=129
I, [2017-04-04T16:13:43.560783 #18208]  INFO -- : Params {"id":"129","controller":"pay_u_money","action":"payu"}
I, [2017-04-04T16:13:43.560819 #18208]  INFO -- : **************************************
I, [2017-04-04T17:21:43.607594 #20560]  INFO -- : **************************************
I, [2017-04-04T17:21:43.607683 #20560]  INFO -- : /payment?id=137
I, [2017-04-04T17:21:43.607822 #20560]  INFO -- : Params {"id":"137","controller":"pay_u_money","action":"payu"}
I, [2017-04-04T17:21:43.607867 #20560]  INFO -- : **************************************
I, [2017-04-04T18:00:32.990168 #20560]  INFO -- : **************************************
I, [2017-04-04T18:00:32.990289 #20560]  INFO -- : /payment?id=139
I, [2017-04-04T18:00:32.990461 #20560]  INFO -- : Params {"id":"139","controller":"pay_u_money","action":"payu"}
I, [2017-04-04T18:00:32.990495 #20560]  INFO -- : **************************************
